10-Sep-2022 (20:45:31)   INFO: Start iteration 1
10-Sep-2022 (20:45:41)   INFO: Start CommercialVehicleModel run
10-Sep-2022 (20:45:41)   INFO:   Start CommercialVehicleTripGeneration run
10-Sep-2022 (20:45:41)  DEBUG:     Start CommercialVehicleTripGeneration _aggregate_landuse
10-Sep-2022 (20:45:41)  DEBUG:     End CommercialVehicleTripGeneration _aggregate_landuse
10-Sep-2022 (20:45:41)  DEBUG:     Start CommercialVehicleTripGeneration _generate_trip_ends
10-Sep-2022 (20:45:41)  DEBUG:     End CommercialVehicleTripGeneration _generate_trip_ends
10-Sep-2022 (20:45:41)  DEBUG:     Start CommercialVehicleTripGeneration _balance_pa
10-Sep-2022 (20:45:41)  DEBUG:     End CommercialVehicleTripGeneration _balance_pa
10-Sep-2022 (20:45:41)  DEBUG:     Start CommercialVehicleTripGeneration _aggregate_by_class
10-Sep-2022 (20:45:41)  DEBUG:              vsmtrk_productions  vsmtrk_attractions  smltrk_productions  smltrk_attractions  medtrk_productions  medtrk_attractions  lrgtrk_productions  lrgtrk_attractions
count           43.000000           43.000000           43.000000           43.000000           43.000000           43.000000           43.000000           43.000000
mean           608.860465          608.860465           38.744186           38.744186            3.697674            3.697674            8.093023            8.093023
std           1307.003126         1307.003126           96.921198           95.771249            9.838058            9.348349           21.230945           20.210456
min              0.000000            0.000000            0.000000            0.000000            0.000000            0.000000            0.000000            0.000000
25%            127.000000          127.000000            2.000000            1.800000            0.000000            0.000000            0.000000            0.128409
50%            199.000000          199.000000            5.000000            4.600000            0.000000            0.000000            1.000000            1.256818
75%            450.000000          450.000000           26.500000           27.000000            2.500000            2.599315            5.500000            5.926136
max           8098.000000         8098.000000          592.000000          582.600000           60.000000           56.465753          130.000000          122.806818
10-Sep-2022 (20:45:41)  DEBUG:     End CommercialVehicleTripGeneration _aggregate_by_class
10-Sep-2022 (20:45:41)   INFO:   End CommercialVehicleTripGeneration run
10-Sep-2022 (20:45:41)   INFO:   Start CommercialVehicleTripDistribution run
10-Sep-2022 (20:45:41)  DEBUG:     Start CommercialVehicleTripDistribution _distribute_ods
10-Sep-2022 (20:45:41)  DEBUG:       Start CommercialVehicleTripDistribution _calculate_friction_factor_matrix
10-Sep-2022 (20:45:41)  DEBUG:       End CommercialVehicleTripDistribution _calculate_friction_factor_matrix
10-Sep-2022 (20:45:41)  DEBUG:       vsmtrk, prod sum: 26181.001953125, daily sum: 26181.00390625
10-Sep-2022 (20:45:41)  DEBUG:     End CommercialVehicleTripDistribution _distribute_ods
10-Sep-2022 (20:45:41)  DEBUG:     Start CommercialVehicleTripDistribution _distribute_ods
10-Sep-2022 (20:45:41)  DEBUG:       Start CommercialVehicleTripDistribution _calculate_friction_factor_matrix
10-Sep-2022 (20:45:41)  DEBUG:       End CommercialVehicleTripDistribution _calculate_friction_factor_matrix
10-Sep-2022 (20:45:42)  DEBUG:       smltrk, prod sum: 1665.999755859375, daily sum: 1665.999755859375
10-Sep-2022 (20:45:42)  DEBUG:     End CommercialVehicleTripDistribution _distribute_ods
10-Sep-2022 (20:45:42)  DEBUG:     Start CommercialVehicleTripDistribution _distribute_ods
10-Sep-2022 (20:45:42)  DEBUG:       Start CommercialVehicleTripDistribution _calculate_friction_factor_matrix
10-Sep-2022 (20:45:42)  DEBUG:       End CommercialVehicleTripDistribution _calculate_friction_factor_matrix
10-Sep-2022 (20:45:42)  DEBUG:       medtrk, prod sum: 159.00001525878906, daily sum: 159.00003051757812
10-Sep-2022 (20:45:42)  DEBUG:     End CommercialVehicleTripDistribution _distribute_ods
10-Sep-2022 (20:45:42)  DEBUG:     Start CommercialVehicleTripDistribution _distribute_ods
10-Sep-2022 (20:45:42)  DEBUG:       Start CommercialVehicleTripDistribution _calculate_friction_factor_matrix
10-Sep-2022 (20:45:42)  DEBUG:       End CommercialVehicleTripDistribution _calculate_friction_factor_matrix
10-Sep-2022 (20:45:42)  DEBUG:       lrgtrk, prod sum: 348.0000305175781, daily sum: 348.0000305175781
10-Sep-2022 (20:45:42)  DEBUG:     End CommercialVehicleTripDistribution _distribute_ods
10-Sep-2022 (20:45:42)   INFO:   End CommercialVehicleTripDistribution run
10-Sep-2022 (20:45:42)   INFO:   Start CommercialVehicleTimeOfDay run
10-Sep-2022 (20:45:42)   INFO:   End CommercialVehicleTimeOfDay run
10-Sep-2022 (20:45:42)   INFO:   Start CommercialVehicleTollChoice run
10-Sep-2022 (20:45:42)   INFO:   End CommercialVehicleTollChoice run
10-Sep-2022 (20:45:42)  DEBUG:   Start CommercialVehicleModel _export_results_as_omx
10-Sep-2022 (20:45:42)  DEBUG:   End CommercialVehicleModel _export_results_as_omx
10-Sep-2022 (20:45:42)   INFO: End CommercialVehicleModel run
